CRITICAL - 2023-09-28 01:58:16 --> Invalid file: "index.php"
in SYSTEMPATH\Exceptions\FrameworkException.php on line 39.
 1 SYSTEMPATH\View\View.php(214): CodeIgniter\Exceptions\FrameworkException::forInvalidFile('index.php')
 2 SYSTEMPATH\Common.php(1188): CodeIgniter\View\View->render('index', [], true)
 3 APPPATH\Controllers\UserController.php(11): view('index')
 4 SYSTEMPATH\CodeIgniter.php(919): App\Controllers\UserController->home()
 5 SYSTEMPATH\CodeIgniter.php(494): CodeIgniter\CodeIgniter->runController(Object(App\Controllers\UserController))
 6 SYSTEMPATH\CodeIgniter.php(353): CodeIgniter\CodeIgniter->handleRequest(null, Object(Config\Cache), false)
 7 FCPATH\index.php(79): CodeIgniter\CodeIgniter->run()
 8 SYSTEMPATH\Commands\Server\rewrite.php(47): require_once('C:\\laragon\\www\\final\\ci4\\public\\index.php')
CRITICAL - 2023-09-28 02:51:44 --> Invalid file: "product2.php"
in SYSTEMPATH\Exceptions\FrameworkException.php on line 39.
 1 SYSTEMPATH\View\View.php(214): CodeIgniter\Exceptions\FrameworkException::forInvalidFile('product2.php')
 2 SYSTEMPATH\Common.php(1188): CodeIgniter\View\View->render('product2', [], true)
 3 APPPATH\Controllers\UserController.php(39): view('product2')
 4 SYSTEMPATH\CodeIgniter.php(919): App\Controllers\UserController->product2()
 5 SYSTEMPATH\CodeIgniter.php(494): CodeIgniter\CodeIgniter->runController(Object(App\Controllers\UserController))
 6 SYSTEMPATH\CodeIgniter.php(353): CodeIgniter\CodeIgniter->handleRequest(null, Object(Config\Cache), false)
 7 FCPATH\index.php(79): CodeIgniter\CodeIgniter->run()
 8 SYSTEMPATH\Commands\Server\rewrite.php(47): require_once('C:\\laragon\\www\\final\\ci4\\public\\index.php')
CRITICAL - 2023-09-28 02:51:49 --> Invalid file: "product4.php"
in SYSTEMPATH\Exceptions\FrameworkException.php on line 39.
 1 SYSTEMPATH\View\View.php(214): CodeIgniter\Exceptions\FrameworkException::forInvalidFile('product4.php')
 2 SYSTEMPATH\Common.php(1188): CodeIgniter\View\View->render('product4', [], true)
 3 APPPATH\Controllers\UserController.php(47): view('product4')
 4 SYSTEMPATH\CodeIgniter.php(919): App\Controllers\UserController->product4()
 5 SYSTEMPATH\CodeIgniter.php(494): CodeIgniter\CodeIgniter->runController(Object(App\Controllers\UserController))
 6 SYSTEMPATH\CodeIgniter.php(353): CodeIgniter\CodeIgniter->handleRequest(null, Object(Config\Cache), false)
 7 FCPATH\index.php(79): CodeIgniter\CodeIgniter->run()
 8 SYSTEMPATH\Commands\Server\rewrite.php(47): require_once('C:\\laragon\\www\\final\\ci4\\public\\index.php')
